<?xml version="1.0" encoding="UTF-8"?>
<testng-results ignored="0" total="1" passed="1" failed="0" skipped="0">
  <reporter-output>
  </reporter-output>
  <suite started-at="2022-12-14T19:48:00Z" name="Default suite" finished-at="2022-12-14T19:48:44Z" duration-ms="43806">
    <groups>
    </groups>
    <test started-at="2022-12-14T19:48:00Z" name="Default test" finished-at="2022-12-14T19:48:44Z" duration-ms="43806">
      <class name="co.Keyword_Test.KeyWord_Engine_Test">
        <test-method signature="startExecutions_Test()[pri:0, instance:co.Keyword_Test.KeyWord_Engine_Test@17fc391b]" started-at="2022-12-14T19:48:00Z" name="startExecutions_Test" finished-at="2022-12-14T19:48:44Z" duration-ms="43751" status="PASS">
          <reporter-output>
          </reporter-output>
        </test-method> <!-- startExecutions_Test -->
      </class> <!-- co.Keyword_Test.KeyWord_Engine_Test -->
    </test> <!-- Default test -->
  </suite> <!-- Default suite -->
</testng-results>
